[2023-08-14 08:22:03] [info]  [12828] Apache Commons Daemon procrun (1.3.4.0 64-bit) started.
[2023-08-14 08:22:03] [info]  [12828] Running Service 'Tomcat9'...
[2023-08-14 08:22:03] [info]  [12332] Starting service...
[2023-08-14 08:22:05] [info]  [12332] Service started in 2545 milliseconds.
[2023-08-14 08:42:17] [info]  [12828] Service SERVICE_CONTROL_STOP signalled.
[2023-08-14 08:42:17] [info]  [20224] Stopping service...
[2023-08-14 08:42:18] [info]  [20224] Service stop thread completed.
[2023-08-14 08:42:18] [info]  [12828] Run service finished.
[2023-08-14 08:42:18] [info]  [12828] Apache Commons Daemon procrun finished.
[2023-08-14 08:42:18] [info]  [21640] Apache Commons Daemon procrun (1.3.4.0 64-bit) started.
[2023-08-14 08:42:18] [info]  [21640] Running Service 'Tomcat9'...
[2023-08-14 08:42:18] [info]  [16640] Starting service...
[2023-08-14 08:42:20] [info]  [16640] Service started in 1252 milliseconds.
[2023-08-14 12:21:08] [info]  [21640] Service SERVICE_CONTROL_STOP signalled.
[2023-08-14 12:21:08] [info]  [24288] Stopping service...
[2023-08-14 12:21:09] [info]  [24288] Service stop thread completed.
[2023-08-14 12:21:09] [info]  [21640] Run service finished.
[2023-08-14 12:21:09] [info]  [21640] Apache Commons Daemon procrun finished.
[2023-08-14 14:22:44] [info]  [ 4356] Apache Commons Daemon procrun (1.3.4.0 64-bit) started.
[2023-08-14 14:22:44] [info]  [ 4356] Running Service 'Tomcat9'...
[2023-08-14 14:22:44] [info]  [19648] Starting service...
[2023-08-14 14:22:46] [info]  [19648] Service started in 1708 milliseconds.
[2023-08-14 14:23:29] [info]  [24844] Apache Commons Daemon procrun (1.3.4.0 64-bit) started.
[2023-08-14 14:23:29] [info]  [24844] Running Service 'Tomcat9'...
[2023-08-14 14:23:29] [info]  [20632] Starting service...
[2023-08-14 14:23:50] [info]  [22024] Apache Commons Daemon procrun (1.3.4.0 64-bit) started.
[2023-08-14 14:23:50] [info]  [22024] Running Service 'Tomcat9'...
[2023-08-14 14:23:50] [info]  [10716] Starting service...
[2023-08-14 14:25:17] [info]  [11516] Apache Commons Daemon procrun (1.3.4.0 64-bit) started.
[2023-08-14 14:25:17] [info]  [11516] Running Service 'Tomcat9'...
[2023-08-14 14:25:17] [info]  [23036] Starting service...
[2023-08-14 14:27:33] [info]  [24044] Apache Commons Daemon procrun (1.3.4.0 64-bit) started.
[2023-08-14 14:27:33] [info]  [24044] Running Service 'Tomcat9'...
[2023-08-14 14:27:33] [info]  [15508] Starting service...
[2023-08-14 14:27:34] [info]  [15508] Service started in 1298 milliseconds.
[2023-08-14 16:20:58] [info]  [24044] Service SERVICE_CONTROL_STOP signalled.
[2023-08-14 16:20:58] [info]  [27572] Stopping service...
[2023-08-14 16:20:59] [info]  [27572] Service stop thread completed.
[2023-08-14 16:20:59] [info]  [24044] Run service finished.
[2023-08-14 16:20:59] [info]  [24044] Apache Commons Daemon procrun finished.
[2023-08-14 16:21:03] [info]  [13656] Apache Commons Daemon procrun (1.3.4.0 64-bit) started.
[2023-08-14 16:21:03] [info]  [13656] Running Service 'Tomcat9'...
[2023-08-14 16:21:03] [info]  [ 7936] Starting service...
[2023-08-14 16:21:04] [info]  [ 7936] Service started in 1599 milliseconds.
[2023-08-15 08:12:08] [info]  [13656] Service SERVICE_CONTROL_STOP signalled.
[2023-08-15 08:12:08] [info]  [28268] Stopping service...
[2023-08-15 08:12:12] [info]  [28268] Service stop thread completed.
[2023-08-15 08:12:13] [info]  [13656] Run service finished.
[2023-08-15 08:12:13] [info]  [13656] Apache Commons Daemon procrun finished.
