[2023-08-25 09:13:57] [info]  [23700] Apache Commons Daemon procrun (1.3.4.0 64-bit) started.
[2023-08-25 09:13:57] [info]  [23700] Running Service 'Tomcat9'...
[2023-08-25 09:13:57] [info]  [12208] Starting service...
[2023-08-25 09:13:59] [info]  [12208] Service started in 1953 milliseconds.
[2023-08-25 09:17:12] [info]  [23700] Service SERVICE_CONTROL_STOP signalled.
[2023-08-25 09:17:12] [info]  [19552] Stopping service...
[2023-08-25 09:17:13] [info]  [19552] Service stop thread completed.
[2023-08-25 09:17:13] [info]  [23700] Run service finished.
[2023-08-25 09:17:13] [info]  [23700] Apache Commons Daemon procrun finished.
[2023-08-25 09:17:17] [info]  [12568] Apache Commons Daemon procrun (1.3.4.0 64-bit) started.
[2023-08-25 09:17:17] [info]  [12568] Running Service 'Tomcat9'...
[2023-08-25 09:17:17] [info]  [ 2144] Starting service...
[2023-08-25 09:17:19] [info]  [ 2144] Service started in 1986 milliseconds.
[2023-08-30 15:27:36] [info]  [20300] Console SHUTDOWN event signaled.
[2023-08-30 15:27:36] [info]  [20300] Stopping service...
[2023-08-30 15:27:41] [info]  [12568] Service SHUTDOWN signalled.
[2023-08-30 15:27:41] [info]  [12568] Service SERVICE_CONTROL_STOP signalled.
[2023-08-30 15:27:41] [info]  [32008] Stopping service...
[2023-08-30 15:27:42] [info]  [20300] Service stop thread completed.
[2023-08-30 15:27:42] [info]  [12568] Run service finished.
[2023-08-30 15:27:42] [info]  [12568] Apache Commons Daemon procrun finished.
