[2023-08-24 11:15:18] [info]  [12980] Apache Commons Daemon procrun (1.3.4.0 64-bit) started.
[2023-08-24 11:15:18] [info]  [12980] Running Service 'Tomcat9'...
[2023-08-24 11:15:18] [info]  [19240] Starting service...
[2023-08-24 11:15:20] [info]  [19240] Service started in 1999 milliseconds.
[2023-08-24 11:27:54] [info]  [12980] Service SERVICE_CONTROL_STOP signalled.
[2023-08-24 11:27:54] [info]  [16500] Stopping service...
[2023-08-24 11:27:55] [info]  [16500] Service stop thread completed.
[2023-08-24 11:27:55] [info]  [12980] Run service finished.
[2023-08-24 11:27:55] [info]  [12980] Apache Commons Daemon procrun finished.
[2023-08-24 11:27:58] [info]  [ 1192] Apache Commons Daemon procrun (1.3.4.0 64-bit) started.
[2023-08-24 11:27:58] [info]  [ 1192] Running Service 'Tomcat9'...
[2023-08-24 11:27:58] [info]  [19852] Starting service...
[2023-08-24 11:27:59] [info]  [19852] Service started in 1179 milliseconds.
[2023-08-24 11:37:19] [info]  [ 1192] Service SERVICE_CONTROL_STOP signalled.
[2023-08-24 11:37:19] [info]  [16672] Stopping service...
[2023-08-24 11:37:20] [info]  [16672] Service stop thread completed.
[2023-08-24 11:37:20] [info]  [ 1192] Run service finished.
[2023-08-24 11:37:20] [info]  [ 1192] Apache Commons Daemon procrun finished.
[2023-08-24 11:37:24] [info]  [ 3576] Apache Commons Daemon procrun (1.3.4.0 64-bit) started.
[2023-08-24 11:37:24] [info]  [ 3576] Running Service 'Tomcat9'...
[2023-08-24 11:37:24] [info]  [10712] Starting service...
[2023-08-24 11:37:25] [info]  [10712] Service started in 1173 milliseconds.
[2023-08-25 09:13:53] [info]  [ 3576] Service SERVICE_CONTROL_STOP signalled.
[2023-08-25 09:13:53] [info]  [25324] Stopping service...
[2023-08-25 09:13:54] [info]  [25324] Service stop thread completed.
[2023-08-25 09:13:54] [info]  [ 3576] Run service finished.
[2023-08-25 09:13:54] [info]  [ 3576] Apache Commons Daemon procrun finished.
