24-Aug-2023 11:15:06.730 INFO [Thread-5] org.apache.catalina.core.ApplicationContext.log SessionListener: contextDestroyed()
24-Aug-2023 11:15:06.730 INFO [Thread-5] org.apache.catalina.core.ApplicationContext.log ContextListener: contextDestroyed()
24-Aug-2023 11:15:25.433 INFO [main] org.apache.catalina.core.ApplicationContext.log ContextListener: contextInitialized()
24-Aug-2023 11:15:25.433 INFO [main] org.apache.catalina.core.ApplicationContext.log SessionListener: contextInitialized()
24-Aug-2023 11:15:25.448 INFO [main] org.apache.catalina.core.ApplicationContext.log ContextListener: attributeAdded('StockTicker', 'async.Stockticker@274872f8')
24-Aug-2023 11:16:47.475 INFO [main] org.apache.catalina.core.ApplicationContext.log 2 Spring WebApplicationInitializers detected on classpath
24-Aug-2023 11:17:25.433 INFO [main] org.apache.catalina.core.ApplicationContext.log Initializing Spring embedded WebApplicationContext
24-Aug-2023 11:27:54.307 INFO [Thread-5] org.apache.catalina.core.ApplicationContext.log SessionListener: contextDestroyed()
24-Aug-2023 11:27:54.307 INFO [Thread-5] org.apache.catalina.core.ApplicationContext.log ContextListener: contextDestroyed()
24-Aug-2023 11:28:00.047 INFO [main] org.apache.catalina.core.ApplicationContext.log ContextListener: contextInitialized()
24-Aug-2023 11:28:00.047 INFO [main] org.apache.catalina.core.ApplicationContext.log SessionListener: contextInitialized()
24-Aug-2023 11:28:00.062 INFO [main] org.apache.catalina.core.ApplicationContext.log ContextListener: attributeAdded('StockTicker', 'async.Stockticker@4fad94a7')
24-Aug-2023 11:28:37.718 INFO [main] org.apache.catalina.core.ApplicationContext.log 2 Spring WebApplicationInitializers detected on classpath
24-Aug-2023 11:29:14.587 INFO [main] org.apache.catalina.core.ApplicationContext.log Initializing Spring embedded WebApplicationContext
24-Aug-2023 11:37:19.563 INFO [Thread-5] org.apache.catalina.core.ApplicationContext.log SessionListener: contextDestroyed()
24-Aug-2023 11:37:19.563 INFO [Thread-5] org.apache.catalina.core.ApplicationContext.log ContextListener: contextDestroyed()
24-Aug-2023 11:37:25.716 INFO [main] org.apache.catalina.core.ApplicationContext.log ContextListener: contextInitialized()
24-Aug-2023 11:37:25.716 INFO [main] org.apache.catalina.core.ApplicationContext.log SessionListener: contextInitialized()
24-Aug-2023 11:37:25.716 INFO [main] org.apache.catalina.core.ApplicationContext.log ContextListener: attributeAdded('StockTicker', 'async.Stockticker@64beebb7')
24-Aug-2023 11:38:05.209 INFO [main] org.apache.catalina.core.ApplicationContext.log 2 Spring WebApplicationInitializers detected on classpath
24-Aug-2023 11:38:38.661 INFO [main] org.apache.catalina.core.ApplicationContext.log Initializing Spring embedded WebApplicationContext
24-Aug-2023 11:39:24.331 INFO [http-nio-8080-exec-1] org.apache.catalina.core.ApplicationContext.log Initializing Spring DispatcherServlet 'dispatcherServlet'
