14-Aug-2023 08:22:12.364 INFO [main] org.apache.catalina.core.ApplicationContext.log ContextListener: contextInitialized()
14-Aug-2023 08:22:12.364 INFO [main] org.apache.catalina.core.ApplicationContext.log SessionListener: contextInitialized()
14-Aug-2023 08:22:12.369 INFO [main] org.apache.catalina.core.ApplicationContext.log ContextListener: attributeAdded('StockTicker', 'async.Stockticker@43b4fe19')
14-Aug-2023 08:42:17.476 INFO [Thread-2] org.apache.catalina.core.ApplicationContext.log SessionListener: contextDestroyed()
14-Aug-2023 08:42:17.476 INFO [Thread-2] org.apache.catalina.core.ApplicationContext.log ContextListener: contextDestroyed()
14-Aug-2023 08:42:22.845 INFO [main] org.apache.catalina.core.ApplicationContext.log ContextListener: contextInitialized()
14-Aug-2023 08:42:22.845 INFO [main] org.apache.catalina.core.ApplicationContext.log SessionListener: contextInitialized()
14-Aug-2023 08:42:22.850 INFO [main] org.apache.catalina.core.ApplicationContext.log ContextListener: attributeAdded('StockTicker', 'async.Stockticker@63648ee9')
14-Aug-2023 12:21:08.870 INFO [Thread-2] org.apache.catalina.core.ApplicationContext.log SessionListener: contextDestroyed()
14-Aug-2023 12:21:08.871 INFO [Thread-2] org.apache.catalina.core.ApplicationContext.log ContextListener: contextDestroyed()
14-Aug-2023 14:27:36.271 INFO [main] org.apache.catalina.core.ApplicationContext.log ContextListener: contextInitialized()
14-Aug-2023 14:27:36.271 INFO [main] org.apache.catalina.core.ApplicationContext.log SessionListener: contextInitialized()
14-Aug-2023 14:27:36.274 INFO [main] org.apache.catalina.core.ApplicationContext.log ContextListener: attributeAdded('StockTicker', 'async.Stockticker@3185fa6b')
14-Aug-2023 16:17:50.152 INFO [Catalina-utility-2] org.apache.catalina.core.ApplicationContext.log 2 Spring WebApplicationInitializers detected on classpath
14-Aug-2023 16:18:11.731 INFO [Catalina-utility-2] org.apache.catalina.core.ApplicationContext.log Initializing Spring embedded WebApplicationContext
14-Aug-2023 16:20:58.929 INFO [Thread-5] org.apache.catalina.core.ApplicationContext.log SessionListener: contextDestroyed()
14-Aug-2023 16:20:58.930 INFO [Thread-5] org.apache.catalina.core.ApplicationContext.log ContextListener: contextDestroyed()
14-Aug-2023 16:21:07.991 INFO [main] org.apache.catalina.core.ApplicationContext.log ContextListener: contextInitialized()
14-Aug-2023 16:21:07.991 INFO [main] org.apache.catalina.core.ApplicationContext.log SessionListener: contextInitialized()
14-Aug-2023 16:21:07.993 INFO [main] org.apache.catalina.core.ApplicationContext.log ContextListener: attributeAdded('StockTicker', 'async.Stockticker@45be7cd5')
14-Aug-2023 16:21:28.809 INFO [main] org.apache.catalina.core.ApplicationContext.log 2 Spring WebApplicationInitializers detected on classpath
14-Aug-2023 16:21:49.032 INFO [main] org.apache.catalina.core.ApplicationContext.log Initializing Spring embedded WebApplicationContext
14-Aug-2023 16:22:17.014 INFO [http-nio-8080-exec-3] org.apache.catalina.core.ApplicationContext.log Initializing Spring DispatcherServlet 'dispatcherServlet'
