
2023-08-14 08:22:03 Apache Commons Daemon procrun stdout initialized.

2023-08-14 08:42:18 Apache Commons Daemon procrun stdout initialized.

2023-08-14 14:22:44 Apache Commons Daemon procrun stdout initialized.

2023-08-14 14:23:29 Apache Commons Daemon procrun stdout initialized.

2023-08-14 14:23:50 Apache Commons Daemon procrun stdout initialized.

2023-08-14 14:25:17 Apache Commons Daemon procrun stdout initialized.

2023-08-14 14:27:33 Apache Commons Daemon procrun stdout initialized.

  .   ____          _            __ _ _
 /\\ / ___'_ __ _ _(_)_ __  __ _ \ \ \ \
( ( )\___ | '_ | '_| | '_ \/ _` | \ \ \ \
 \\/  ___)| |_)| | | | | || (_| |  ) ) ) )
  '  |____| .__|_| |_|_| |_\__, | / / / /
 =========|_|==============|___/=/_/_/_/
 :: Spring Boot ::               (v2.7.12)


2023-08-14 16:21:03 Apache Commons Daemon procrun stdout initialized.

  .   ____          _            __ _ _
 /\\ / ___'_ __ _ _(_)_ __  __ _ \ \ \ \
( ( )\___ | '_ | '_| | '_ \/ _` | \ \ \ \
 \\/  ___)| |_)| | | | | || (_| |  ) ) ) )
  '  |____| .__|_| |_|_| |_\__, | / / / /
 =========|_|==============|___/=/_/_/_/
 :: Spring Boot ::               (v2.7.12)

