
2023-08-25 09:13:57 Apache Commons Daemon procrun stdout initialized.

  .   ____          _            __ _ _
 /\\ / ___'_ __ _ _(_)_ __  __ _ \ \ \ \
( ( )\___ | '_ | '_| | '_ \/ _` | \ \ \ \
 \\/  ___)| |_)| | | | | || (_| |  ) ) ) )
  '  |____| .__|_| |_|_| |_\__, | / / / /
 =========|_|==============|___/=/_/_/_/
 :: Spring Boot ::               (v2.7.12)


2023-08-25 09:17:17 Apache Commons Daemon procrun stdout initialized.

  .   ____          _            __ _ _
 /\\ / ___'_ __ _ _(_)_ __  __ _ \ \ \ \
( ( )\___ | '_ | '_| | '_ \/ _` | \ \ \ \
 \\/  ___)| |_)| | | | | || (_| |  ) ) ) )
  '  |____| .__|_| |_|_| |_\__, | / / / /
 =========|_|==============|___/=/_/_/_/
 :: Spring Boot ::               (v2.7.12)

Starting Item resync of Solr and Database...
Date range filter used; SolrIndexer.lastIndexed:[* TO 2023-08-30T11:53:22.723Z]
1 items found to process
Processing item with UUID: 5e07d314-1fa3-4c4b-9d7d-ee77f475a903
Item exists in DB, updating solr document
